This is pdfTeX, Version 3.141592653-2.6-1.40.25 (TeX Live 2023/Homebrew) (preloaded format=pdflatex 2024.2.23)  3 APR 2024 21:47
entering extended mode
 restricted \write18 enabled.
 file:line:error style messages enabled.
 %&-line parsing enabled.
**/Users/leejaehong/Desktop/Master/upstream_scaler/Latex/paper.tex
(/Users/leejaehong/Desktop/Master/upstream_scaler/Latex/paper.tex
LaTeX2e <2022-11-01> patch level 1
L3 programming layer <2023-02-22> (/opt/homebrew/Cellar/texlive/20230313_3/share/texmf-dist/tex/latex/ieeetran/IEEEtran.cls
Document Class: IEEEtran 2015/08/26 V1.8b by Michael Shell
-- See the "IEEEtran_HOWTO" manual for usage information.
-- http://www.michaelshell.org/tex/ieeetran/
\@IEEEtrantmpdimenA=\dimen140
\@IEEEtrantmpdimenB=\dimen141
\@IEEEtrantmpdimenC=\dimen142
\@IEEEtrantmpcountA=\count185
\@IEEEtrantmpcountB=\count186
\@IEEEtrantmpcountC=\count187
\@IEEEtrantmptoksA=\toks16
LaTeX Font Info:    Trying to load font information for OT1+ptm on input line 503.
(/opt/homebrew/Cellar/texlive/20230313_3/share/texmf-dist/tex/latex/psnfss/ot1ptm.fd
File: ot1ptm.fd 2001/06/04 font definitions for OT1/ptm.
)
-- Using 8.5in x 11in (letter) paper.
-- Using PDF output.
\@IEEEnormalsizeunitybaselineskip=\dimen143
-- This is a 10 point document.
\CLASSINFOnormalsizebaselineskip=\dimen144
\CLASSINFOnormalsizeunitybaselineskip=\dimen145
\IEEEnormaljot=\dimen146
LaTeX Font Info:    Font shape `OT1/ptm/bx/n' in size <5> not available
(Font)              Font shape `OT1/ptm/b/n' tried instead on input line 1090.
LaTeX Font Info:    Font shape `OT1/ptm/bx/it' in size <5> not available
(Font)              Font shape `OT1/ptm/b/it' tried instead on input line 1090.
LaTeX Font Info:    Font shape `OT1/ptm/bx/n' in size <7> not available
(Font)              Font shape `OT1/ptm/b/n' tried instead on input line 1090.
LaTeX Font Info:    Font shape `OT1/ptm/bx/it' in size <7> not available
(Font)              Font shape `OT1/ptm/b/it' tried instead on input line 1090.
LaTeX Font Info:    Font shape `OT1/ptm/bx/n' in size <8> not available
(Font)              Font shape `OT1/ptm/b/n' tried instead on input line 1090.
LaTeX Font Info:    Font shape `OT1/ptm/bx/it' in size <8> not available
(Font)              Font shape `OT1/ptm/b/it' tried instead on input line 1090.
LaTeX Font Info:    Font shape `OT1/ptm/bx/n' in size <9> not available
(Font)              Font shape `OT1/ptm/b/n' tried instead on input line 1090.
LaTeX Font Info:    Font shape `OT1/ptm/bx/it' in size <9> not available
(Font)              Font shape `OT1/ptm/b/it' tried instead on input line 1090.
LaTeX Font Info:    Font shape `OT1/ptm/bx/n' in size <10> not available
(Font)              Font shape `OT1/ptm/b/n' tried instead on input line 1090.
LaTeX Font Info:    Font shape `OT1/ptm/bx/it' in size <10> not available
(Font)              Font shape `OT1/ptm/b/it' tried instead on input line 1090.
LaTeX Font Info:    Font shape `OT1/ptm/bx/n' in size <11> not available
(Font)              Font shape `OT1/ptm/b/n' tried instead on input line 1090.
LaTeX Font Info:    Font shape `OT1/ptm/bx/it' in size <11> not available
(Font)              Font shape `OT1/ptm/b/it' tried instead on input line 1090.
LaTeX Font Info:    Font shape `OT1/ptm/bx/n' in size <12> not available
(Font)              Font shape `OT1/ptm/b/n' tried instead on input line 1090.
LaTeX Font Info:    Font shape `OT1/ptm/bx/it' in size <12> not available
(Font)              Font shape `OT1/ptm/b/it' tried instead on input line 1090.
LaTeX Font Info:    Font shape `OT1/ptm/bx/n' in size <17> not available
(Font)              Font shape `OT1/ptm/b/n' tried instead on input line 1090.
LaTeX Font Info:    Font shape `OT1/ptm/bx/it' in size <17> not available
(Font)              Font shape `OT1/ptm/b/it' tried instead on input line 1090.
LaTeX Font Info:    Font shape `OT1/ptm/bx/n' in size <20> not available
(Font)              Font shape `OT1/ptm/b/n' tried instead on input line 1090.
LaTeX Font Info:    Font shape `OT1/ptm/bx/it' in size <20> not available
(Font)              Font shape `OT1/ptm/b/it' tried instead on input line 1090.
LaTeX Font Info:    Font shape `OT1/ptm/bx/n' in size <24> not available
(Font)              Font shape `OT1/ptm/b/n' tried instead on input line 1090.
LaTeX Font Info:    Font shape `OT1/ptm/bx/it' in size <24> not available
(Font)              Font shape `OT1/ptm/b/it' tried instead on input line 1090.
\IEEEquantizedlength=\dimen147
\IEEEquantizedlengthdiff=\dimen148
\IEEEquantizedtextheightdiff=\dimen149
\IEEEilabelindentA=\dimen150
\IEEEilabelindentB=\dimen151
\IEEEilabelindent=\dimen152
\IEEEelabelindent=\dimen153
\IEEEdlabelindent=\dimen154
\IEEElabelindent=\dimen155
\IEEEiednormlabelsep=\dimen156
\IEEEiedmathlabelsep=\dimen157
\IEEEiedtopsep=\skip48
\c@section=\count188
\c@subsection=\count189
\c@subsubsection=\count190
\c@paragraph=\count191
\c@IEEEsubequation=\count192
\abovecaptionskip=\skip49
\belowcaptionskip=\skip50
\c@figure=\count193
\c@table=\count194
\@IEEEeqnnumcols=\count195
\@IEEEeqncolcnt=\count196
\@IEEEsubeqnnumrollback=\count197
\@IEEEquantizeheightA=\dimen158
\@IEEEquantizeheightB=\dimen159
\@IEEEquantizeheightC=\dimen160
\@IEEEquantizeprevdepth=\dimen161
\@IEEEquantizemultiple=\count198
\@IEEEquantizeboxA=\box51
\@IEEEtmpitemindent=\dimen162
\IEEEPARstartletwidth=\dimen163
\c@IEEEbiography=\count199
\@IEEEtranrubishbin=\box52
)
** ATTENTION: Overriding command lockouts (line 2).
(/opt/homebrew/Cellar/texlive/20230313_3/share/texmf-dist/tex/latex/cite/cite.sty
LaTeX Info: Redefining \cite on input line 302.
LaTeX Info: Redefining \nocite on input line 332.
Package: cite 2015/02/27  v 5.5
) (/opt/homebrew/Cellar/texlive/20230313_3/share/texmf-dist/tex/latex/url/url.sty
\Urlmuskip=\muskip16
Package: url 2013/09/16  ver 3.4  Verb mode for urls, etc.
) (/opt/homebrew/Cellar/texlive/20230313_3/share/texmf-dist/tex/latex/seqsplit/seqsplit.sty
Package: seqsplit 2006/08/07 v0.1 Splitting long sequences (DNA, RNA, proteins, etc.) 
) (/opt/homebrew/Cellar/texlive/20230313_3/share/texmf-dist/tex/latex/caption/subcaption.sty
Package: subcaption 2023/02/19 v1.6 Sub-captions (AR)
 (/opt/homebrew/Cellar/texlive/20230313_3/share/texmf-dist/tex/latex/caption/caption.sty
Package: caption 2023/03/12 v3.6j Customizing captions (AR)
 (/opt/homebrew/Cellar/texlive/20230313_3/share/texmf-dist/tex/latex/caption/caption3.sty
Package: caption3 2023/03/12 v2.4 caption3 kernel (AR)
 (/opt/homebrew/Cellar/texlive/20230313_3/share/texmf-dist/tex/latex/graphics/keyval.sty
Package: keyval 2022/05/29 v1.15 key=value parser (DPC)
\KV@toks@=\toks17
)
\caption@tempdima=\dimen164
\captionmargin=\dimen165
\caption@leftmargin=\dimen166
\caption@rightmargin=\dimen167
\caption@width=\dimen168
\caption@indent=\dimen169
\caption@parindent=\dimen170
\caption@hangindent=\dimen171
Package caption Info: Unknown document class (or package),
(caption)             standard defaults will be used.
Package caption Info: \@makecaption = \long macro:#1#2->\ifx \@captype \@IEEEtablestring \footnotesize \bgroup \par \centering \@IEEEtabletopskipstrut {\normalfont \footnotesize #1}\\{\normalfont \footnotesize \scshape #2}\par \addvspace {0.5\baselineskip }\egroup \@IEEEtablecaptionsepspace \else \@IEEEfigurecaptionsepspace \setbox \@tempboxa \hbox {\normalfont \footnotesize {#1.}\nobreakspace \nobreakspace #2}\ifdim \wd \@tempboxa >\hsize \setbox \@tempboxa \hbox {\normalfont \footnotesize {#1.}\nobreakspace \nobreakspace }\parbox [t]{\hsize }{\normalfont \footnotesize \noindent \unhbox \@tempboxa #2}\else \ifCLASSOPTIONconference \hbox to\hsize {\normalfont \footnotesize \hfil \box \@tempboxa \hfil }\else \hbox to\hsize {\normalfont \footnotesize \box \@tempboxa \hfil }\fi \fi \fi  on input line 1176.
)

Package caption Warning: Unknown document class (or package),
(caption)                standard defaults will be used.
See the caption package documentation for explanation.

\c@caption@flags=\count266
\c@continuedfloat=\count267
)
Package caption Info: New subtype `subfigure' on input line 239.
\c@subfigure=\count268
Package caption Info: New subtype `subtable' on input line 239.
\c@subtable=\count269
) (/opt/homebrew/Cellar/texlive/20230313_3/share/texmf-dist/tex/latex/amsmath/amsmath.sty
Package: amsmath 2022/04/08 v2.17n AMS math features
\@mathmargin=\skip51

For additional information on amsmath, use the `?' option.
(/opt/homebrew/Cellar/texlive/20230313_3/share/texmf-dist/tex/latex/amsmath/amstext.sty
Package: amstext 2021/08/26 v2.01 AMS text
 (/opt/homebrew/Cellar/texlive/20230313_3/share/texmf-dist/tex/latex/amsmath/amsgen.sty
File: amsgen.sty 1999/11/30 v2.0 generic functions
\@emptytoks=\toks18
\ex@=\dimen172
)) (/opt/homebrew/Cellar/texlive/20230313_3/share/texmf-dist/tex/latex/amsmath/amsbsy.sty
Package: amsbsy 1999/11/29 v1.2d Bold Symbols
\pmbraise@=\dimen173
) (/opt/homebrew/Cellar/texlive/20230313_3/share/texmf-dist/tex/latex/amsmath/amsopn.sty
Package: amsopn 2022/04/08 v2.04 operator names
)
\inf@bad=\count270
LaTeX Info: Redefining \frac on input line 234.
\uproot@=\count271
\leftroot@=\count272
LaTeX Info: Redefining \overline on input line 399.
LaTeX Info: Redefining \colon on input line 410.
\classnum@=\count273
\DOTSCASE@=\count274
LaTeX Info: Redefining \ldots on input line 496.
LaTeX Info: Redefining \dots on input line 499.
LaTeX Info: Redefining \cdots on input line 620.
\Mathstrutbox@=\box53
\strutbox@=\box54
LaTeX Info: Redefining \big on input line 722.
LaTeX Info: Redefining \Big on input line 723.
LaTeX Info: Redefining \bigg on input line 724.
LaTeX Info: Redefining \Bigg on input line 725.
\big@size=\dimen174
LaTeX Font Info:    Redeclaring font encoding OML on input line 743.
LaTeX Font Info:    Redeclaring font encoding OMS on input line 744.
\macc@depth=\count275
LaTeX Info: Redefining \bmod on input line 905.
LaTeX Info: Redefining \pmod on input line 910.
LaTeX Info: Redefining \smash on input line 940.
LaTeX Info: Redefining \relbar on input line 970.
LaTeX Info: Redefining \Relbar on input line 971.
\c@MaxMatrixCols=\count276
\dotsspace@=\muskip17
\c@parentequation=\count277
\dspbrk@lvl=\count278
\tag@help=\toks19
\row@=\count279
\column@=\count280
\maxfields@=\count281
\andhelp@=\toks20
\eqnshift@=\dimen175
\alignsep@=\dimen176
\tagshift@=\dimen177
\tagwidth@=\dimen178
\totwidth@=\dimen179
\lineht@=\dimen180
\@envbody=\toks21
\multlinegap=\skip52
\multlinetaggap=\skip53
\mathdisplay@stack=\toks22
LaTeX Info: Redefining \[ on input line 2953.
LaTeX Info: Redefining \] on input line 2954.
) (/opt/homebrew/Cellar/texlive/20230313_3/share/texmf-dist/tex/latex/amsfonts/amssymb.sty
Package: amssymb 2013/01/14 v3.01 AMS font symbols
 (/opt/homebrew/Cellar/texlive/20230313_3/share/texmf-dist/tex/latex/amsfonts/amsfonts.sty
Package: amsfonts 2013/01/14 v3.01 Basic AMSFonts support
\symAMSa=\mathgroup4
\symAMSb=\mathgroup5
LaTeX Font Info:    Redeclaring math symbol \hbar on input line 98.
LaTeX Font Info:    Overwriting math alphabet `\mathfrak' in version `bold'
(Font)                  U/euf/m/n --> U/euf/b/n on input line 106.
)) (/opt/homebrew/Cellar/texlive/20230313_3/share/texmf-dist/tex/latex/graphics/graphicx.sty
Package: graphicx 2021/09/16 v1.2d Enhanced LaTeX Graphics (DPC,SPQR)
 (/opt/homebrew/Cellar/texlive/20230313_3/share/texmf-dist/tex/latex/graphics/graphics.sty
Package: graphics 2022/03/10 v1.4e Standard LaTeX Graphics (DPC,SPQR)
 (/opt/homebrew/Cellar/texlive/20230313_3/share/texmf-dist/tex/latex/graphics/trig.sty
Package: trig 2021/08/11 v1.11 sin cos tan (DPC)
) (/opt/homebrew/Cellar/texlive/20230313_3/share/texmf-dist/tex/latex/graphics-cfg/graphics.cfg
File: graphics.cfg 2016/06/04 v1.11 sample graphics configuration
)
Package graphics Info: Driver file: pdftex.def on input line 107.
 (/opt/homebrew/Cellar/texlive/20230313_3/share/texmf-dist/tex/latex/graphics-def/pdftex.def
File: pdftex.def 2022/09/22 v1.2b Graphics/color driver for pdftex
))
\Gin@req@height=\dimen181
\Gin@req@width=\dimen182
) (/opt/homebrew/Cellar/texlive/20230313_3/share/texmf-dist/tex/latex/base/textcomp.sty
Package: textcomp 2020/02/02 v2.0n Standard LaTeX package
) (/opt/homebrew/Cellar/texlive/20230313_3/share/texmf-dist/tex/latex/cjk-ko/kotex.sty
Package: kotex 2015/04/19 v1.6 Korean TeX (ko.TeX)
 (/opt/homebrew/Cellar/texlive/20230313_3/share/texmf-dist/tex/latex/kotex-utf/kotex.cfg) (/opt/homebrew/Cellar/texlive/20230313_3/share/texmf-dist/tex/latex/kotex-utf/kotexutf.sty
Package: kotexutf 2022/06/22 v3.0.0 typesetting UTF-8 Korean documents
 (/opt/homebrew/Cellar/texlive/20230313_3/share/texmf-dist/tex/latex/base/inputenc.sty
Package: inputenc 2021/02/14 v1.3d Input encoding file
\inpenc@prehook=\toks23
\inpenc@posthook=\toks24
) (/opt/homebrew/Cellar/texlive/20230313_3/share/texmf-dist/tex/plain/kotex-plain/kotexutf-core.tex
\unih@ngulpoint=\count282
\dhucs@emph@raise=\dimen183
)
Now handling font encoding LUC ...
... processing UTF-8 mapping file for font encoding LUC
 (/opt/homebrew/Cellar/texlive/20230313_3/share/texmf-dist/tex/latex/kotex-utf/lucenc.dfu
File: lucenc.dfu 2007/09/05 UTF-8 support for dhucs
   defining Unicode char U+00B7 (decimal 183)
   defining Unicode char U+2018 (decimal 8216)
   defining Unicode char U+2019 (decimal 8217)
   defining Unicode char U+201C (decimal 8220)
   defining Unicode char U+201D (decimal 8221)
   defining Unicode char U+3001 (decimal 12289)
   defining Unicode char U+3002 (decimal 12290)
   defining Unicode char U+3008 (decimal 12296)
   defining Unicode char U+3009 (decimal 12297)
   defining Unicode char U+300A (decimal 12298)
   defining Unicode char U+300B (decimal 12299)
   defining Unicode char U+300C (decimal 12300)
   defining Unicode char U+300D (decimal 12301)
   defining Unicode char U+300E (decimal 12302)
   defining Unicode char U+300F (decimal 12303)
   defining Unicode char U+3010 (decimal 12304)
   defining Unicode char U+3011 (decimal 12305)
   defining Unicode char U+3014 (decimal 12308)
   defining Unicode char U+3015 (decimal 12309)
   defining Unicode char U+3016 (decimal 12310)
   defining Unicode char U+3017 (decimal 12311)
   defining Unicode char U+3018 (decimal 12312)
   defining Unicode char U+3019 (decimal 12313)
   defining Unicode char U+301A (decimal 12314)
   defining Unicode char U+301B (decimal 12315)
   defining Unicode char U+FF01 (decimal 65281)
   defining Unicode char U+FF08 (decimal 65288)
   defining Unicode char U+FF09 (decimal 65289)
   defining Unicode char U+FF0C (decimal 65292)
   defining Unicode char U+FF0E (decimal 65294)
   defining Unicode char U+FF1A (decimal 65306)
   defining Unicode char U+FF1B (decimal 65307)
   defining Unicode char U+FF1C (decimal 65308)
   defining Unicode char U+FF1D (decimal 65309)
   defining Unicode char U+FF1E (decimal 65310)
   defining Unicode char U+FF1F (decimal 65311)
   defining Unicode char U+FF3B (decimal 65339)
   defining Unicode char U+FF3D (decimal 65341)
   defining Unicode char U+FF5B (decimal 65371)
   defining Unicode char U+FF5D (decimal 65373)
   defining Unicode char U+FF61 (decimal 65377)
   defining Unicode char U+FF62 (decimal 65378)
   defining Unicode char U+FF63 (decimal 65379)
   defining Unicode char U+FF64 (decimal 65380)
   defining Unicode char U+FF65 (decimal 65381)
)
\@josa=\count283
\josatoks=\toks25
 (/opt/homebrew/Cellar/texlive/20230313_3/share/texmf-dist/tex/latex/cjk-ko/kolabels-utf.sty
Package: kolabels-utf 2015/03/20 v1.5 UTF-8 Hangul item labels
))) (/opt/homebrew/Cellar/texlive/20230313_3/share/texmf-dist/tex/latex/tools/multicol.sty
Package: multicol 2021/11/30 v1.9d multicolumn formatting (FMi)
\c@tracingmulticols=\count284
\mult@box=\box55
\multicol@leftmargin=\dimen184
\c@unbalance=\count285
\c@collectmore=\count286
\doublecol@number=\count287
\multicoltolerance=\count288
\multicolpretolerance=\count289
\full@width=\dimen185
\page@free=\dimen186
\premulticols=\dimen187
\postmulticols=\dimen188
\multicolsep=\skip54
\multicolbaselineskip=\skip55
\partial@page=\box56
\last@line=\box57
\maxbalancingoverflow=\dimen189
\mult@rightbox=\box58
\mult@grightbox=\box59
\mult@firstbox=\box60
\mult@gfirstbox=\box61
\@tempa=\box62
\@tempa=\box63
\@tempa=\box64
\@tempa=\box65
\@tempa=\box66
\@tempa=\box67
\@tempa=\box68
\@tempa=\box69
\@tempa=\box70
\@tempa=\box71
\@tempa=\box72
\@tempa=\box73
\@tempa=\box74
\@tempa=\box75
\@tempa=\box76
\@tempa=\box77
\@tempa=\box78
\@tempa=\box79
\@tempa=\box80
\@tempa=\box81
\@tempa=\box82
\@tempa=\box83
\@tempa=\box84
\@tempa=\box85
\@tempa=\box86
\@tempa=\box87
\@tempa=\box88
\@tempa=\box89
\@tempa=\box90
\@tempa=\box91
\@tempa=\box92
\@tempa=\box93
\@tempa=\box94
\@tempa=\box95
\@tempa=\box96
\@tempa=\box97
\c@minrows=\count290
\c@columnbadness=\count291
\c@finalcolumnbadness=\count292
\last@try=\dimen190
\multicolovershoot=\dimen191
\multicolundershoot=\dimen192
\mult@nat@firstbox=\box98
\colbreak@box=\box99
\mc@col@check@num=\count293
) (/opt/homebrew/Cellar/texlive/20230313_3/share/texmf-dist/tex/latex/multirow/multirow.sty
Package: multirow 2021/03/15 v2.8 Span multiple rows of a table
\multirow@colwidth=\skip56
\multirow@cntb=\count294
\multirow@dima=\skip57
\bigstrutjot=\dimen193
) (/opt/homebrew/Cellar/texlive/20230313_3/share/texmf-dist/tex/latex/booktabs/booktabs.sty
Package: booktabs 2020/01/12 v1.61803398 Publication quality tables
\heavyrulewidth=\dimen194
\lightrulewidth=\dimen195
\cmidrulewidth=\dimen196
\belowrulesep=\dimen197
\belowbottomsep=\dimen198
\aboverulesep=\dimen199
\abovetopsep=\dimen256
\cmidrulesep=\dimen257
\cmidrulekern=\dimen258
\defaultaddspace=\dimen259
\@cmidla=\count295
\@cmidlb=\count296
\@aboverulesep=\dimen260
\@belowrulesep=\dimen261
\@thisruleclass=\count297
\@lastruleclass=\count298
\@thisrulewidth=\dimen262
) (/opt/homebrew/Cellar/texlive/20230313_3/share/texmf-dist/tex/latex/makecell/makecell.sty
Package: makecell 2009/08/03 V0.1e Managing of Tab Column Heads and Cells
 (/opt/homebrew/Cellar/texlive/20230313_3/share/texmf-dist/tex/latex/tools/array.sty
Package: array 2022/09/04 v2.5g Tabular extension package (FMi)
\col@sep=\dimen263
\ar@mcellbox=\box100
\extrarowheight=\dimen264
\NC@list=\toks26
\extratabsurround=\skip58
\backup@length=\skip59
\ar@cellbox=\box101
)
\rotheadsize=\dimen265
\c@nlinenum=\count299
\TeXr@lab=\toks27
) (/opt/homebrew/Cellar/texlive/20230313_3/share/texmf-dist/tex/latex/algorithms/algorithm.sty
Package: algorithm 2009/08/24 v0.1 Document Style `algorithm' - floating environment
 (/opt/homebrew/Cellar/texlive/20230313_3/share/texmf-dist/tex/latex/float/float.sty
Package: float 2001/11/08 v1.3d Float enhancements (AL)
\c@float@type=\count300
\float@exts=\toks28
\float@box=\box102
\@float@everytoks=\toks29
\@floatcapt=\box103
) (/opt/homebrew/Cellar/texlive/20230313_3/share/texmf-dist/tex/latex/base/ifthen.sty
Package: ifthen 2022/04/13 v1.1d Standard LaTeX ifthen package (DPC)
)
\@float@every@algorithm=\toks30
\c@algorithm=\count301
) (/opt/homebrew/Cellar/texlive/20230313_3/share/texmf-dist/tex/latex/algorithmicx/algpseudocode.sty
Package: algpseudocode 
 (/opt/homebrew/Cellar/texlive/20230313_3/share/texmf-dist/tex/latex/algorithmicx/algorithmicx.sty
Package: algorithmicx 2005/04/27 v1.2 Algorithmicx

Document Style algorithmicx 1.2 - a greatly improved `algorithmic' style
\c@ALG@line=\count302
\c@ALG@rem=\count303
\c@ALG@nested=\count304
\ALG@tlm=\skip60
\ALG@thistlm=\skip61
\c@ALG@Lnr=\count305
\c@ALG@blocknr=\count306
\c@ALG@storecount=\count307
\c@ALG@tmpcounter=\count308
\ALG@tmplength=\skip62
)
Document Style - pseudocode environments for use with the `algorithmicx' style
) (/opt/homebrew/Cellar/texlive/20230313_3/share/texmf-dist/tex/latex/l3backend/l3backend-pdftex.def
File: l3backend-pdftex.def 2023-01-16 L3 backend support: PDF output (pdfTeX)
\l__color_backend_stack_int=\count309
\l__pdf_internal_box=\box104
) (./paper.aux)
\openout1 = `paper.aux'.

LaTeX Font Info:    Checking defaults for OML/cmm/m/it on input line 25.
LaTeX Font Info:    ... okay on input line 25.
LaTeX Font Info:    Checking defaults for OMS/cmsy/m/n on input line 25.
LaTeX Font Info:    ... okay on input line 25.
LaTeX Font Info:    Checking defaults for OT1/cmr/m/n on input line 25.
LaTeX Font Info:    ... okay on input line 25.
LaTeX Font Info:    Checking defaults for T1/cmr/m/n on input line 25.
LaTeX Font Info:    ... okay on input line 25.
LaTeX Font Info:    Checking defaults for TS1/cmr/m/n on input line 25.
LaTeX Font Info:    ... okay on input line 25.
LaTeX Font Info:    Checking defaults for OMX/cmex/m/n on input line 25.
LaTeX Font Info:    ... okay on input line 25.
LaTeX Font Info:    Checking defaults for U/cmr/m/n on input line 25.
LaTeX Font Info:    ... okay on input line 25.
LaTeX Font Info:    Checking defaults for LUC/nanummj/m/n on input line 25.
LaTeX Font Info:    Trying to load font information for LUC+nanummj on input line 25.
 (/opt/homebrew/Cellar/texlive/20230313_3/share/texmf-dist/tex/latex/nanumtype1/lucnanummj.fd
File: lucnanummj.fd 2013/02/12 v0.1 Nanum Myeongjo font definitions
)
LaTeX Font Info:    ... okay on input line 25.

-- Lines per column: 56 (exact).
Package caption Info: Begin \AtBeginDocument code.
Package caption Info: float package is loaded.
Package caption Info: End \AtBeginDocument code.
(/opt/homebrew/Cellar/texlive/20230313_3/share/texmf-dist/tex/context/base/mkii/supp-pdf.mkii
[Loading MPS to PDF converter (version 2006.09.02).]
\scratchcounter=\count310
\scratchdimen=\dimen266
\scratchbox=\box105
\nofMPsegments=\count311
\nofMParguments=\count312
\everyMPshowfont=\toks31
\MPscratchCnt=\count313
\MPscratchDim=\dimen267
\MPnumerator=\count314
\makeMPintoPDFobject=\count315
\everyMPtoPDFconversion=\toks32
) (/opt/homebrew/Cellar/texlive/20230313_3/share/texmf-dist/tex/latex/epstopdf-pkg/epstopdf-base.sty
Package: epstopdf-base 2020-01-24 v2.11 Base part for package epstopdf
Package epstopdf-base Info: Redefining graphics rule for `.eps' on input line 485.
 (/opt/homebrew/Cellar/texlive/20230313_3/share/texmf-dist/tex/latex/latexconfig/epstopdf-sys.cfg
File: epstopdf-sys.cfg 2010/07/13 v1.3 Configuration of (r)epstopdf for TeX Live
))
LaTeX Font Info:    Trying to load font information for OMS+ptm on input line 36.
 (/opt/homebrew/Cellar/texlive/20230313_3/share/texmf-dist/tex/latex/psnfss/omsptm.fd
File: omsptm.fd 
)
LaTeX Font Info:    Font shape `OMS/ptm/m/n' in size <10> not available
(Font)              Font shape `OMS/cmsy/m/n' tried instead on input line 36.
LaTeX Font Info:    Font shape `LUC/nanummj/b/n' in size <9> not available
(Font)              Font shape `LUC/nanummj/bx/n' tried instead on input line 42.


LaTeX Warning: Citation `RedHatMicroservices' on page 1 undefined on input line 56.


LaTeX Warning: Citation `KubernetesOfficial' on page 1 undefined on input line 59.


LaTeX Warning: Citation `KubernetesHPA' on page 1 undefined on input line 59.


LaTeX Warning: Citation `jiang2021fine' on page 1 undefined on input line 62.


LaTeX Warning: Citation `dang2021deep' on page 1 undefined on input line 62.


LaTeX Warning: Citation `he2020novel' on page 1 undefined on input line 62.


LaTeX Warning: Citation `zhao2019research' on page 1 undefined on input line 62.


LaTeX Warning: Citation `huye2023lifting' on page 1 undefined on input line 62.

[1{/opt/homebrew/Cellar/texlive/20230313_3/share/texmf-dist/fonts/map/pdftex/updmap/pdftex.map}{/opt/homebrew/Cellar/texlive/20230313_3/share/texmf-dist/fonts/enc/dvips/base/8r.enc}


]

LaTeX Warning: Reference `fig:hpa system design' on page 2 undefined on input line 77.

<images/background/k8s_system_design.png, id=85, 723.576pt x 300.03pt>
File: images/background/k8s_system_design.png Graphic file (type png)
<use images/background/k8s_system_design.png>
Package pdftex.def Info: images/background/k8s_system_design.png  used on input line 80.
(pdftex.def)             Requested size: 241.84842pt x 100.2829pt.

LaTeX Warning: Citation `cAdvisorGithub' on page 2 undefined on input line 85.

LaTeX Font Info:    Trying to load font information for U+msa on input line 87.
(/opt/homebrew/Cellar/texlive/20230313_3/share/texmf-dist/tex/latex/amsfonts/umsa.fd
File: umsa.fd 2013/01/14 v3.01 AMS symbols A
)
LaTeX Font Info:    Trying to load font information for U+msb on input line 87.
 (/opt/homebrew/Cellar/texlive/20230313_3/share/texmf-dist/tex/latex/amsfonts/umsb.fd
File: umsb.fd 2013/01/14 v3.01 AMS symbols B
)

LaTeX Warning: Citation `KubernetesHPA' on page 2 undefined on input line 92.


LaTeX Warning: Reference `eq:HPA desired replicas' on page 2 undefined on input line 92.


LaTeX Warning: Citation `huo2023high' on page 2 undefined on input line 96.


LaTeX Warning: Reference `tab:scrape interval of each component' on page 2 undefined on input line 117.


LaTeX Warning: Citation `metrics-server-FAQ' on page 2 undefined on input line 117.

<images/background/scaling_latency_without_UHPA.png, id=87, 345.4506pt x 275.3487pt>
File: images/background/scaling_latency_without_UHPA.png Graphic file (type png)
<use images/background/scaling_latency_without_UHPA.png>
Package pdftex.def Info: images/background/scaling_latency_without_UHPA.png  used on input line 120.
(pdftex.def)             Requested size: 162.18062pt x 129.27104pt.
<images/background/scaling_latency_boxplot_without_UHPA.png, id=88, 244.2726pt x 386.6445pt>
File: images/background/scaling_latency_boxplot_without_UHPA.png Graphic file (type png)
<use images/background/scaling_latency_boxplot_without_UHPA.png>
Package pdftex.def Info: images/background/scaling_latency_boxplot_without_UHPA.png  used on input line 121.
(pdftex.def)             Requested size: 79.6678pt x 126.10045pt.

LaTeX Warning: Reference `fig:scaling time' on page 2 undefined on input line 126.

LaTeX Font Info:    Font shape `LUC/nanummj/b/n' in size <10> not available
(Font)              Font shape `LUC/nanummj/bx/n' tried instead on input line 128.

LaTeX Warning: Reference `fig:scaling time' on page 2 undefined on input line 128.

[2 <./images/background/k8s_system_design.png> <./images/background/scaling_latency_without_UHPA.png> <./images/background/scaling_latency_boxplot_without_UHPA.png>]

LaTeX Warning: Citation `ExpediaGroupTech2020' on page 3 undefined on input line 131.


LaTeX Warning: Citation `jiang2021fine' on page 3 undefined on input line 135.


LaTeX Warning: Citation `he2020novel' on page 3 undefined on input line 137.


LaTeX Warning: Citation `zhao2019research' on page 3 undefined on input line 137.


LaTeX Warning: Citation `yunyun2022research' on page 3 undefined on input line 137.


LaTeX Warning: Citation `dang2021deep' on page 3 undefined on input line 139.


LaTeX Warning: Citation `gan2021sage' on page 3 undefined on input line 139.


LaTeX Warning: Citation `shim2023predictive' on page 3 undefined on input line 139.


LaTeX Warning: Citation `huye2023lifting' on page 3 undefined on input line 139.

<images/approch/uhpa_system_design.png, id=98, 625.245pt x 173.448pt>
File: images/approch/uhpa_system_design.png Graphic file (type png)
<use images/approch/uhpa_system_design.png>
Package pdftex.def Info: images/approch/uhpa_system_design.png  used on input line 151.
(pdftex.def)             Requested size: 241.84842pt x 67.0913pt.

LaTeX Warning: Reference `fig:uhpa system design' on page 3 undefined on input line 156.


LaTeX Warning: Citation `MicroservicesIO' on page 3 undefined on input line 161.


LaTeX Warning: Citation `gan2019open' on page 3 undefined on input line 161.


LaTeX Warning: Citation `AWSStatefulActorServices2023' on page 3 undefined on input line 161.


LaTeX Warning: Citation `KubernetesStatefulSet2023' on page 3 undefined on input line 161.


LaTeX Warning: Citation `luo2022power' on page 3 undefined on input line 163.


LaTeX Warning: Citation `JaegerTracing' on page 3 undefined on input line 163.


LaTeX Warning: Citation `he2020novel' on page 3 undefined on input line 163.


LaTeX Warning: Citation `pramesti2022autoscaling' on page 3 undefined on input line 163.


LaTeX Warning: Citation `huye2023lifting' on page 3 undefined on input line 163.

[3 <./images/approch/uhpa_system_design.png>]

LaTeX Warning: Citation `KubecostcAdvisor' on page 4 undefined on input line 165.


LaTeX Warning: Reference `alg:agent' on page 4 undefined on input line 238.


LaTeX Warning: Reference `eq:cpu rate' on page 4 undefined on input line 238.

[4]

LaTeX Warning: Reference `alg:controller' on page 5 undefined on input line 246.


LaTeX Warning: Reference `eq:HPA desired replicas' on page 5 undefined on input line 246.


LaTeX Warning: Citation `KindK8s' on page 5 undefined on input line 253.

<images/evaluation/scaling_latency_with_UHPA.png, id=107, 345.4506pt x 275.3487pt>
File: images/evaluation/scaling_latency_with_UHPA.png Graphic file (type png)
<use images/evaluation/scaling_latency_with_UHPA.png>
Package pdftex.def Info: images/evaluation/scaling_latency_with_UHPA.png  used on input line 256.
(pdftex.def)             Requested size: 162.18062pt x 129.27104pt.
<images/evaluation/scaling_latency_boxplot_with_UHPA.png, id=108, 244.2726pt x 386.6445pt>
File: images/evaluation/scaling_latency_boxplot_with_UHPA.png Graphic file (type png)
<use images/evaluation/scaling_latency_boxplot_with_UHPA.png>
Package pdftex.def Info: images/evaluation/scaling_latency_boxplot_with_UHPA.png  used on input line 257.
(pdftex.def)             Requested size: 79.6678pt x 126.10045pt.

LaTeX Warning: Reference `fig:scaling latency comparison' on page 5 undefined on input line 266.


LaTeX Warning: File `images/evaluation/social-netwrok.png' not found on input line 299.


/Users/leejaehong/Desktop/Master/upstream_scaler/Latex/paper.tex:299: Package pdftex.def Error: File `images/evaluation/social-netwrok.png' not found: using draft setting.

See the pdftex.def package documentation for explanation.
Type  H <return>  for immediate help.
 ...                                              
                                                  
l.299 ...cm]{images/evaluation/social-netwrok.png}
                                                  }
Try typing  <return>  to proceed.
If that doesn't work, type  X <return>  to quit.

LaTeX Font Info:    Trying to load font information for OT1+pcr on input line 299.
(/opt/homebrew/Cellar/texlive/20230313_3/share/texmf-dist/tex/latex/psnfss/ot1pcr.fd
File: ot1pcr.fd 2001/06/04 font definitions for OT1/pcr.
)

LaTeX Warning: Reference `sec:background and motivation' on page 5 undefined on input line 307.


LaTeX Warning: Reference `tab:scrape interval of each component' on page 5 undefined on input line 307.

[5 <./images/evaluation/scaling_latency_with_UHPA.png> <./images/evaluation/scaling_latency_boxplot_with_UHPA.png>]

LaTeX Warning: Citation `DeathStarBench' on page 6 undefined on input line 309.


LaTeX Warning: Reference `fig:social network' on page 6 undefined on input line 309.


LaTeX Warning: Citation `wrk2' on page 6 undefined on input line 311.


LaTeX Warning: Reference `fig:test workloads' on page 6 undefined on input line 311.


LaTeX Warning: Reference `fig:test workloads linear' on page 6 undefined on input line 311.


LaTeX Warning: Reference `fig:test workloads spike' on page 6 undefined on input line 311.

<images/evaluation/linear_test_workload.png, id=117, 625.8582pt x 330.9966pt>
File: images/evaluation/linear_test_workload.png Graphic file (type png)
<use images/evaluation/linear_test_workload.png>
Package pdftex.def Info: images/evaluation/linear_test_workload.png  used on input line 316.
(pdftex.def)             Requested size: 122.34692pt x 64.70316pt.
<images/evaluation/spike_test_workload.png, id=118, 625.8582pt x 330.9966pt>
File: images/evaluation/spike_test_workload.png Graphic file (type png)
<use images/evaluation/spike_test_workload.png>
Package pdftex.def Info: images/evaluation/spike_test_workload.png  used on input line 321.
(pdftex.def)             Requested size: 122.34692pt x 64.70316pt.

LaTeX Warning: Reference `fig:test workloads' on page 6 undefined on input line 333.


LaTeX Warning: Reference `tab:success ratio' on page 6 undefined on input line 339.

<images/evaluation/linear_result.png, id=119, 849.8952pt x 448.7967pt>
File: images/evaluation/linear_result.png Graphic file (type png)
<use images/evaluation/linear_result.png>
Package pdftex.def Info: images/evaluation/linear_result.png  used on input line 344.
(pdftex.def)             Requested size: 247.6778pt x 130.78458pt.
<images/evaluation/spike_result.png, id=120, 885.3075pt x 467.49657pt>
File: images/evaluation/spike_result.png Graphic file (type png)
<use images/evaluation/spike_result.png>
Package pdftex.def Info: images/evaluation/spike_result.png  used on input line 350.
(pdftex.def)             Requested size: 247.6778pt x 130.78401pt.
[6 <./images/evaluation/linear_test_workload.png> <./images/evaluation/spike_test_workload.png>]

LaTeX Warning: Citation `KubernetesLargeClusterBestPractices' on page 7 undefined on input line 401.


LaTeX Warning: Reference `tab:system overhead' on page 7 undefined on input line 403.

No file paper.bbl.

** Conference Paper **
Before submitting the final camera ready copy, remember to:

 1. Manually equalize the lengths of two columns on the last page
 of your paper;

 2. Ensure that any PostScript and/or PDF output post-processing
 uses only Type 1 fonts and that every step in the generation
 process uses the appropriate paper size.

[7 <./images/evaluation/linear_result.png> <./images/evaluation/spike_result.png>] (./paper.aux)

LaTeX Warning: There were undefined references.


LaTeX Warning: Label(s) may have changed. Rerun to get cross-references right.

 ) 
Here is how much of TeX's memory you used:
 7149 strings out of 476025
 127283 string characters out of 5779036
 1875388 words of memory out of 5000000
 27387 multiletter control sequences out of 15000+600000
 581724 words of font info for 204 fonts, out of 8000000 for 9000
 1141 hyphenation exceptions out of 8191
 69i,17n,77p,1773b,467s stack positions out of 10000i,1000n,20000p,200000b,200000s
</opt/homebrew/Cellar/texlive/20230313_3/share/texmf-dist/fonts/type1/public/amsfonts/cm/cmex10.pfb></opt/homebrew/Cellar/texlive/20230313_3/share/texmf-dist/fonts/type1/public/amsfonts/cm/cmmi10.pfb></opt/homebrew/Cellar/texlive/20230313_3/share/texmf-dist/fonts/type1/public/amsfonts/cm/cmmi5.pfb></opt/homebrew/Cellar/texlive/20230313_3/share/texmf-dist/fonts/type1/public/amsfonts/cm/cmmi7.pfb></opt/homebrew/Cellar/texlive/20230313_3/share/texmf-dist/fonts/type1/public/amsfonts/cm/cmr10.pfb></opt/homebrew/Cellar/texlive/20230313_3/share/texmf-dist/fonts/type1/public/amsfonts/cm/cmr7.pfb></opt/homebrew/Cellar/texlive/20230313_3/share/texmf-dist/fonts/type1/public/amsfonts/cm/cmsy10.pfb></opt/homebrew/Cellar/texlive/20230313_3/share/texmf-dist/fonts/type1/public/nanumtype1/nanummjbac.pfb></opt/homebrew/Cellar/texlive/20230313_3/share/texmf-dist/fonts/type1/public/nanumtype1/nanummjbad.pfb></opt/homebrew/Cellar/texlive/20230313_3/share/texmf-dist/fonts/type1/public/nanumtype1/nanummjbae.pfb></opt/homebrew/Cellar/texlive/20230313_3/share/texmf-dist/fonts/type1/public/nanumtype1/nanummjbb0.pfb></opt/homebrew/Cellar/texlive/20230313_3/share/texmf-dist/fonts/type1/public/nanumtype1/nanummjbb1.pfb></opt/homebrew/Cellar/texlive/20230313_3/share/texmf-dist/fonts/type1/public/nanumtype1/nanummjbb2.pfb></opt/homebrew/Cellar/texlive/20230313_3/share/texmf-dist/fonts/type1/public/nanumtype1/nanummjbb3.pfb></opt/homebrew/Cellar/texlive/20230313_3/share/texmf-dist/fonts/type1/public/nanumtype1/nanummjbb4.pfb></opt/homebrew/Cellar/texlive/20230313_3/share/texmf-dist/fonts/type1/public/nanumtype1/nanummjbb7.pfb></opt/homebrew/Cellar/texlive/20230313_3/share/texmf-dist/fonts/type1/public/nanumtype1/nanummjbb8.pfb></opt/homebrew/Cellar/texlive/20230313_3/share/texmf-dist/fonts/type1/public/nanumtype1/nanummjbb9.pfb></opt/homebrew/Cellar/texlive/20230313_3/share/texmf-dist/fonts/type1/public/nanumtype1/nanummjbba.pfb></opt/homebrew/Cellar/texlive/20230313_3/share/texmf-dist/fonts/type1/public/nanumtype1/nanummjbbb.pfb></opt/homebrew/Cellar/texlive/20230313_3/share/texmf-dist/fonts/type1/public/nanumtype1/nanummjbbc.pfb></opt/homebrew/Cellar/texlive/20230313_3/share/texmf-dist/fonts/type1/public/nanumtype1/nanummjbbe.pfb></opt/homebrew/Cellar/texlive/20230313_3/share/texmf-dist/fonts/type1/public/nanumtype1/nanummjbc0.pfb></opt/homebrew/Cellar/texlive/20230313_3/share/texmf-dist/fonts/type1/public/nanumtype1/nanummjbc1.pfb></opt/homebrew/Cellar/texlive/20230313_3/share/texmf-dist/fonts/type1/public/nanumtype1/nanummjbc2.pfb></opt/homebrew/Cellar/texlive/20230313_3/share/texmf-dist/fonts/type1/public/nanumtype1/nanummjbc3.pfb></opt/homebrew/Cellar/texlive/20230313_3/share/texmf-dist/fonts/type1/public/nanumtype1/nanummjbc5.pfb></opt/homebrew/Cellar/texlive/20230313_3/share/texmf-dist/fonts/type1/public/nanumtype1/nanummjbc6.pfb></opt/homebrew/Cellar/texlive/20230313_3/share/texmf-dist/fonts/type1/public/nanumtype1/nanummjbc7.pfb></opt/homebrew/Cellar/texlive/20230313_3/share/texmf-dist/fonts/type1/public/nanumtype1/nanummjbc8.pfb></opt/homebrew/Cellar/texlive/20230313_3/share/texmf-dist/fonts/type1/public/nanumtype1/nanummjbc9.pfb></opt/homebrew/Cellar/texlive/20230313_3/share/texmf-dist/fonts/type1/public/nanumtype1/nanummjbcc.pfb></opt/homebrew/Cellar/texlive/20230313_3/share/texmf-dist/fonts/type1/public/nanumtype1/nanummjbcd.pfb></opt/homebrew/Cellar/texlive/20230313_3/share/texmf-dist/fonts/type1/public/nanumtype1/nanummjbce.pfb></opt/homebrew/Cellar/texlive/20230313_3/share/texmf-dist/fonts/type1/public/nanumtype1/nanummjbcf.pfb></opt/homebrew/Cellar/texlive/20230313_3/share/texmf-dist/fonts/type1/public/nanumtype1/nanummjbd0.pfb></opt/homebrew/Cellar/texlive/20230313_3/share/texmf-dist/fonts/type1/public/nanumtype1/nanummjbd1.pfb></opt/homebrew/Cellar/texlive/20230313_3/share/texmf-dist/fonts/type1/public/nanumtype1/nanummjbd2.pfb></opt/homebrew/Cellar/texlive/20230313_3/share/texmf-dist/fonts/type1/public/nanumtype1/nanummjbd3.pfb></opt/homebrew/Cellar/texlive/20230313_3/share/texmf-dist/fonts/type1/public/nanumtype1/nanummjbd4.pfb></opt/homebrew/Cellar/texlive/20230313_3/share/texmf-dist/fonts/type1/public/nanumtype1/nanummjbd5.pfb></opt/homebrew/Cellar/texlive/20230313_3/share/texmf-dist/fonts/type1/public/nanumtype1/nanummjbd6.pfb></opt/homebrew/Cellar/texlive/20230313_3/share/texmf-dist/fonts/type1/public/nanumtype1/nanummjbd7.pfb></opt/homebrew/Cellar/texlive/20230313_3/share/texmf-dist/fonts/type1/public/nanumtype1/nanummjmac.pfb></opt/homebrew/Cellar/texlive/20230313_3/share/texmf-dist/fonts/type1/public/nanumtype1/nanummjmad.pfb></opt/homebrew/Cellar/texlive/20230313_3/share/texmf-dist/fonts/type1/public/nanumtype1/nanummjmae.pfb></opt/homebrew/Cellar/texlive/20230313_3/share/texmf-dist/fonts/type1/public/nanumtype1/nanummjmb0.pfb></opt/homebrew/Cellar/texlive/20230313_3/share/texmf-dist/fonts/type1/public/nanumtype1/nanummjmb1.pfb></opt/homebrew/Cellar/texlive/20230313_3/share/texmf-dist/fonts/type1/public/nanumtype1/nanummjmb2.pfb></opt/homebrew/Cellar/texlive/20230313_3/share/texmf-dist/fonts/type1/public/nanumtype1/nanummjmb3.pfb></opt/homebrew/Cellar/texlive/20230313_3/share/texmf-dist/fonts/type1/public/nanumtype1/nanummjmb4.pfb></opt/homebrew/Cellar/texlive/20230313_3/share/texmf-dist/fonts/type1/public/nanumtype1/nanummjmb5.pfb></opt/homebrew/Cellar/texlive/20230313_3/share/texmf-dist/fonts/type1/public/nanumtype1/nanummjmb6.pfb></opt/homebrew/Cellar/texlive/20230313_3/share/texmf-dist/fonts/type1/public/nanumtype1/nanummjmb7.pfb></opt/homebrew/Cellar/texlive/20230313_3/share/texmf-dist/fonts/type1/public/nanumtype1/nanummjmb8.pfb></opt/homebrew/Cellar/texlive/20230313_3/share/texmf-dist/fonts/type1/public/nanumtype1/nanummjmb9.pfb></opt/homebrew/Cellar/texlive/20230313_3/share/texmf-dist/fonts/type1/public/nanumtype1/nanummjmba.pfb></opt/homebrew/Cellar/texlive/20230313_3/share/texmf-dist/fonts/type1/public/nanumtype1/nanummjmbb.pfb></opt/homebrew/Cellar/texlive/20230313_3/share/texmf-dist/fonts/type1/public/nanumtype1/nanummjmbc.pfb></opt/homebrew/Cellar/texlive/20230313_3/share/texmf-dist/fonts/type1/public/nanumtype1/nanummjmbd.pfb></opt/homebrew/Cellar/texlive/20230313_3/share/texmf-dist/fonts/type1/public/nanumtype1/nanummjmbe.pfb></opt/homebrew/Cellar/texlive/20230313_3/share/texmf-dist/fonts/type1/public/nanumtype1/nanummjmc0.pfb></opt/homebrew/Cellar/texlive/20230313_3/share/texmf-dist/fonts/type1/public/nanumtype1/nanummjmc1.pfb></opt/homebrew/Cellar/texlive/20230313_3/share/texmf-dist/fonts/type1/public/nanumtype1/nanummjmc2.pfb></opt/homebrew/Cellar/texlive/20230313_3/share/texmf-dist/fonts/type1/public/nanumtype1/nanummjmc3.pfb></opt/homebrew/Cellar/texlive/20230313_3/share/texmf-dist/fonts/type1/public/nanumtype1/nanummjmc5.pfb></opt/homebrew/Cellar/texlive/20230313_3/share/texmf-dist/fonts/type1/public/nanumtype1/nanummjmc6.pfb></opt/homebrew/Cellar/texlive/20230313_3/share/texmf-dist/fonts/type1/public/nanumtype1/nanummjmc7.pfb></opt/homebrew/Cellar/texlive/20230313_3/share/texmf-dist/fonts/type1/public/nanumtype1/nanummjmc8.pfb></opt/homebrew/Cellar/texlive/20230313_3/share/texmf-dist/fonts/type1/public/nanumtype1/nanummjmc9.pfb></opt/homebrew/Cellar/texlive/20230313_3/share/texmf-dist/fonts/type1/public/nanumtype1/nanummjmcc.pfb></opt/homebrew/Cellar/texlive/20230313_3/share/texmf-dist/fonts/type1/public/nanumtype1/nanummjmcd.pfb></opt/homebrew/Cellar/texlive/20230313_3/share/texmf-dist/fonts/type1/public/nanumtype1/nanummjmce.pfb></opt/homebrew/Cellar/texlive/20230313_3/share/texmf-dist/fonts/type1/public/nanumtype1/nanummjmcf.pfb></opt/homebrew/Cellar/texlive/20230313_3/share/texmf-dist/fonts/type1/public/nanumtype1/nanummjmd0.pfb></opt/homebrew/Cellar/texlive/20230313_3/share/texmf-dist/fonts/type1/public/nanumtype1/nanummjmd1.pfb></opt/homebrew/Cellar/texlive/20230313_3/share/texmf-dist/fonts/type1/public/nanumtype1/nanummjmd2.pfb></opt/homebrew/Cellar/texlive/20230313_3/share/texmf-dist/fonts/type1/public/nanumtype1/nanummjmd3.pfb></opt/homebrew/Cellar/texlive/20230313_3/share/texmf-dist/fonts/type1/public/nanumtype1/nanummjmd4.pfb></opt/homebrew/Cellar/texlive/20230313_3/share/texmf-dist/fonts/type1/public/nanumtype1/nanummjmd5.pfb></opt/homebrew/Cellar/texlive/20230313_3/share/texmf-dist/fonts/type1/public/nanumtype1/nanummjmd6.pfb></opt/homebrew/Cellar/texlive/20230313_3/share/texmf-dist/fonts/type1/public/nanumtype1/nanummjmd7.pfb></opt/homebrew/Cellar/texlive/20230313_3/share/texmf-dist/fonts/type1/urw/courier/ucrr8a.pfb></opt/homebrew/Cellar/texlive/20230313_3/share/texmf-dist/fonts/type1/urw/times/utmb8a.pfb></opt/homebrew/Cellar/texlive/20230313_3/share/texmf-dist/fonts/type1/urw/times/utmbi8a.pfb></opt/homebrew/Cellar/texlive/20230313_3/share/texmf-dist/fonts/type1/urw/times/utmr8a.pfb></opt/homebrew/Cellar/texlive/20230313_3/share/texmf-dist/fonts/type1/urw/times/utmri8a.pfb>
Output written on paper.pdf (7 pages, 4138076 bytes).
PDF statistics:
 486 PDF objects out of 1000 (max. 8388607)
 281 compressed objects within 3 object streams
 0 named destinations out of 1000 (max. 500000)
 51 words of extra memory for PDF output out of 10000 (max. 10000000)

